Using pre-set license
Built from '2020.2/release' branch; Version is '2020.2.1f1 (270dd8c3da1c) revision 2559448'; Using compiler version '192528614'; Build Type 'Release'
OS: 'Windows 10  (10.0.0) 64bit' Language: 'en' Physical Memory: 32706 MB
BatchMode: 1, IsHumanControllingUs: 0, StartBugReporterOnCrash: 0, Is64bit: 1, IsPro: 0

 COMMAND LINE ARGUMENTS:
C:\Program Files\Unity\Hub\Editor\2020.2.1f1\Editor\Unity.exe
-adb2
-batchMode
-noUpm
-name
AssetImportWorker0
-projectPath
E:/David_Main_Folder/Projects/ShapesColorsNumbers
-logFile
Logs/AssetImportWorker0.log
-srvPort
62718
Successfully changed project path to: E:/David_Main_Folder/Projects/ShapesColorsNumbers
E:/David_Main_Folder/Projects/ShapesColorsNumbers
Using Asset Import Pipeline V2.
Refreshing native plugins compatible for Editor in 156.39 ms, found 1 plugins.
Preloading 0 native plugins for Editor in 0.00 ms.
Initialize engine version: 2020.2.1f1 (270dd8c3da1c)
[Subsystems] Discovering subsystems at path C:/Program Files/Unity/Hub/Editor/2020.2.1f1/Editor/Data/Resources/UnitySubsystems
[Subsystems] Discovering subsystems at path E:/David_Main_Folder/Projects/ShapesColorsNumbers/Assets
GfxDevice: creating device client; threaded=0
Direct3D:
    Version:  Direct3D 11.0 [level 11.1]
    Renderer: NVIDIA GeForce GTX 1060 6GB (ID=0x1c03)
    Vendor:   
    VRAM:     6052 MB
    Driver:   27.21.14.6079
Initialize mono
Mono path[0] = 'C:/Program Files/Unity/Hub/Editor/2020.2.1f1/Editor/Data/Managed'
Mono path[1] = 'C:/Program Files/Unity/Hub/Editor/2020.2.1f1/Editor/Data/MonoBleedingEdge/lib/mono/unityjit'
Mono config path = 'C:/Program Files/Unity/Hub/Editor/2020.2.1f1/Editor/Data/MonoBleedingEdge/etc'
Using monoOptions --debugger-agent=transport=dt_socket,embedding=1,server=y,suspend=n,address=127.0.0.1:56196
Begin MonoManager ReloadAssembly
Registering precompiled unity dll's ...
Register platform support module: C:/Program Files/Unity/Hub/Editor/2020.2.1f1/Editor/Data/PlaybackEngines/WindowsStandaloneSupport/UnityEditor.WindowsStandalone.Extensions.dll
Registered in 0.002022 seconds.
Native extension for WindowsStandalone target not found
Refreshing native plugins compatible for Editor in 47.47 ms, found 1 plugins.
Preloading 0 native plugins for Editor in 0.00 ms.
Invoked RoslynAnalysisRunner static constructor.
RoslynAnalysisRunner will not be running.
RoslynAnalysisRunner has terminated.
Mono: successfully reloaded assembly
- Completed reload, in  2.440 seconds
Platform modules already initialized, skipping
Registering precompiled user dll's ...
Registered in 0.002707 seconds.
Begin MonoManager ReloadAssembly
Native extension for WindowsStandalone target not found
Refreshing native plugins compatible for Editor in 78.55 ms, found 1 plugins.
Preloading 0 native plugins for Editor in 0.00 ms.
Invoked RoslynAnalysisRunner static constructor.
RoslynAnalysisRunner will not be running.
RoslynAnalysisRunner has terminated.
Mono: successfully reloaded assembly
- Completed reload, in  1.811 seconds
Platform modules already initialized, skipping
========================================================================
Worker process is ready to serve import requests
Launched and connected shader compiler UnityShaderCompiler.exe after 0.06 seconds
Refreshing native plugins compatible for Editor in 0.88 ms, found 1 plugins.
Preloading 0 native plugins for Editor in 0.00 ms.
Unloading 2015 Unused Serialized files (Serialized files now loaded: 0)
System memory in use before: 103.7 MB.
System memory in use after: 103.8 MB.

Unloading 38 unused Assets to reduce memory usage. Loaded Objects now: 2464.
Total: 5.622600 ms (FindLiveObjects: 0.648500 ms CreateObjectMapping: 0.521300 ms MarkObjects: 4.414400 ms  DeleteObjects: 0.036300 ms)

========================================================================
Received Import Request.
  path: Assets/Scripts/Number.cs
  artifactKey: Guid(1d5d69491ccb83d4686ae4c446e90da1) Importer(815301076,1909f56bfc062723c751e8b465ee728b)
Start importing Assets/Scripts/Number.cs using Guid(1d5d69491ccb83d4686ae4c446e90da1) Importer(815301076,1909f56bfc062723c751e8b465ee728b)  -> (artifact id: '28670f645618353dbfe1d75d622d2c55') in 0.054667 seconds
  Import took 0.058179 seconds .

========================================================================
Received Import Request.
  Time since last request: 377.707739 seconds.
  path: Assets/TextMesh Pro/Fonts
  artifactKey: Guid(6ab70aee4d56447429c680537fbf93ed) Importer(815301076,1909f56bfc062723c751e8b465ee728b)
Start importing Assets/TextMesh Pro/Fonts using Guid(6ab70aee4d56447429c680537fbf93ed) Importer(815301076,1909f56bfc062723c751e8b465ee728b)  -> (artifact id: '928c1db6c897c9953804ab4f5b669ab6') in 0.017703 seconds
  Import took 0.038188 seconds .

========================================================================
Received Import Request.
  Time since last request: 2.400929 seconds.
  path: Assets/TextMesh Pro/Fonts/LiberationSans - OFL.txt
  artifactKey: Guid(6e59c59b81ab47f9b6ec5781fa725d2c) Importer(815301076,1909f56bfc062723c751e8b465ee728b)
Start importing Assets/TextMesh Pro/Fonts/LiberationSans - OFL.txt using Guid(6e59c59b81ab47f9b6ec5781fa725d2c) Importer(815301076,1909f56bfc062723c751e8b465ee728b)  -> (artifact id: 'dc6a6cde88603c877836e13e97178295') in 0.047122 seconds
  Import took 0.052735 seconds .

========================================================================
Received Import Request.
  Time since last request: 951.417913 seconds.
  path: Assets/TextMesh Pro/Fonts/Odin Rounded - Bold.otf
  artifactKey: Guid(b7fc6bbd5ae10294cab2b029506c1310) Importer(815301076,1909f56bfc062723c751e8b465ee728b)
Start importing Assets/TextMesh Pro/Fonts/Odin Rounded - Bold.otf using Guid(b7fc6bbd5ae10294cab2b029506c1310) Importer(815301076,1909f56bfc062723c751e8b465ee728b)  -> (artifact id: '0b53a531c204bc8cdc4607d2f1f1935a') in 0.234509 seconds
  Import took 0.259219 seconds .

========================================================================
Received Import Request.
  Time since last request: 1.954767 seconds.
  path: Assets/TextMesh Pro/Fonts/RoundslabSerif.ttf
  artifactKey: Guid(6576a564ad0944348a348165a8caf0a7) Importer(815301076,1909f56bfc062723c751e8b465ee728b)
Start importing Assets/TextMesh Pro/Fonts/RoundslabSerif.ttf using Guid(6576a564ad0944348a348165a8caf0a7) Importer(815301076,1909f56bfc062723c751e8b465ee728b)  -> (artifact id: '3d39447f8a06dac88666d77cbbbadba7') in 0.038319 seconds
  Import took 0.041939 seconds .

AssetImportWorkerClient::OnTransportError - code=2 error=End of file
